\BOOKMARK [1][-]{section.1}{\376\377\000I\000n\000f\000o\000r\000m\000a\000c\000j\000e\000\040\000o\000r\000g\000a\000n\000i\000z\000a\000c\000y\000j\000n\000e}{}% 1
\BOOKMARK [1][-]{section.2}{\376\377\000M\000u\000l\000t\000i\000m\000e\000d\000i\000a\000\040\000c\000y\000f\000r\000o\000w\000e\000\040\000-\000\040\000d\000e\000f\000i\000n\000i\000c\000j\000a}{}% 2
\BOOKMARK [1][-]{section.3}{\376\377\000C\000e\000c\000h\000y\000\040\000c\000y\000f\000r\000o\000w\000y\000c\000h\000\040\000m\000e\000d\000i\000\363\000w\000\040\000w\000g\000\040\000M\000a\000n\000o\000v\000i\000c\000h\000a}{}% 3
\BOOKMARK [2][-]{subsection.3.1}{\376\377\000E\000d\000y\000c\000j\000a\000\040\000n\000i\000e\000n\000i\000s\000z\000c\000z\001\005\000c\000a}{section.3}% 4
\BOOKMARK [1][-]{section.4}{\376\377\000P\000r\000z\000e\000k\000a\000z\000\040\000m\000u\000l\000t\000i\000m\000e\000d\000i\000a\000l\000n\000y}{}% 5
\BOOKMARK [1][-]{section.5}{\376\377\000R\000o\000d\000z\000a\000j\000e\000\040\000d\000a\000n\000y\000c\000h\000\040\000m\000u\000l\000t\000i\000m\000e\000d\000i\000a\000l\000n\000y\000c\000h}{}% 6
\BOOKMARK [1][-]{section.6}{\376\377\000I\000n\000f\000o\000r\000m\000a\000c\000j\000a}{}% 7
\BOOKMARK [1][-]{section.7}{\376\377\000R\000e\000j\000e\000s\000t\000r\000a\000c\000j\000a\000\040\000d\000a\000n\000y\000c\000h}{}% 8
\BOOKMARK [2][-]{subsection.7.1}{\376\377\000C\000y\000f\000r\000o\000w\000e\000\040\000r\000e\000j\000e\000s\000t\000r\000a\000t\000o\000r\000y\000\040\000o\000b\000r\000a\000z\000\363\000w}{section.7}% 9
\BOOKMARK [1][-]{section.8}{\376\377\000P\000r\000e\000z\000e\000n\000t\000a\000c\000j\000a\000\040\000m\000u\000l\000t\000i\000m\000e\000d\000i\000\363\000w}{}% 10
\BOOKMARK [2][-]{subsection.8.1}{\376\377\000T\000e\000c\000h\000n\000o\000l\000o\000g\000i\000e\000\040\000w\000y\001\133\000w\000i\000e\000t\000l\000a\000n\000i\000a}{section.8}% 11
\BOOKMARK [2][-]{subsection.8.2}{\376\377\000F\000o\000r\000m\000y\000\040\000w\000i\000z\000u\000a\000l\000i\000z\000a\000c\000j\000i}{section.8}% 12
\BOOKMARK [1][-]{section.9}{\376\377\000E\000w\000o\000l\000u\000c\000j\000a\000\040\000I\000n\000t\000e\000r\000n\000e\000t\000u}{}% 13
\BOOKMARK [1][-]{section.10}{\376\377\000P\000r\000o\000j\000e\000k\000t\000o\000w\000a\000n\000i\000e}{}% 14
\BOOKMARK [2][-]{subsection.10.1}{\376\377\000W\000i\000r\000e\000f\000r\000a\000m\000e}{section.10}% 15
\BOOKMARK [2][-]{subsection.10.2}{\376\377\000P\000r\000o\000j\000e\000k\000t\000o\000w\000a\000n\000i\000e\000\040\000u\000n\000i\000w\000e\000r\000s\000a\000l\000n\000e}{section.10}% 16
\BOOKMARK [1][-]{section.11}{\376\377\000D\000o\000s\000t\001\031\000p\000n\000o\001\133\001\007\000\040\000c\000y\000f\000r\000o\000w\000a}{}% 17
\BOOKMARK [1][-]{section.12}{\376\377\000S\000t\000a\000n\000d\000a\000r\000d\000y\000\040\000k\000o\000m\000p\000r\000e\000s\000j\000i}{}% 18
\BOOKMARK [1][-]{section.13}{\376\377\000S\000y\000g\000n\000a\001\102\000y}{}% 19
\BOOKMARK [2][-]{subsection.13.1}{\376\377\000D\000e\000f\000i\000n\000i\000c\000j\000a}{section.13}% 20
\BOOKMARK [2][-]{subsection.13.2}{\376\377\000S\000z\000u\000m}{section.13}% 21
\BOOKMARK [3][-]{subsubsection.13.2.1}{\376\377\000R\000o\000d\000z\000a\000j\000e\000\040\000s\000z\000u\000m\000\363\000w}{subsection.13.2}% 22
\BOOKMARK [3][-]{subsubsection.13.2.2}{\376\377\000T\000y\000p\000y\000\040\000s\000z\000u\000m\000\363\000w}{subsection.13.2}% 23
\BOOKMARK [1][-]{section.14}{\376\377\000M\000o\000d\000e\000l\000\040\000K\000o\000m\000u\000n\000i\000k\000a\000c\000j\000i\000\040\000S\000h\000a\000n\000n\000o\000n\000a\000-\000W\000e\000a\000v\000e\000r\000a\000\040\000\050\0001\0009\0004\0008\000\051}{}% 24
\BOOKMARK [1][-]{section.15}{\376\377\000P\000r\000z\000e\000t\000w\000a\000r\000z\000a\000n\000i\000e\000\040\000A\000n\000a\000l\000o\000g\000o\000w\000o\000-\000C\000y\000f\000r\000o\000w\000e}{}% 25
\BOOKMARK [2][-]{subsection.15.1}{\376\377\000P\000o\000d\000s\000t\000a\000w\000o\000w\000e\000\040\000p\000r\000o\000c\000e\000s\000y}{section.15}% 26
\BOOKMARK [1][-]{section.16}{\376\377\000I\000n\000f\000o\000r\000m\000a\000c\000j\000a}{}% 27
\BOOKMARK [2][-]{subsection.16.1}{\376\377\000C\000e\000c\000h\000y\000\040\000p\000r\000z\000e\000k\000a\000z\000u}{section.16}% 28
\BOOKMARK [1][-]{section.17}{\376\377\000K\000o\000m\000p\000r\000e\000s\000j\000a\000\040\000D\000a\000n\000y\000c\000h}{}% 29
\BOOKMARK [2][-]{subsection.17.1}{\376\377\000D\000e\000f\000i\000n\000i\000c\000j\000e}{section.17}% 30
\BOOKMARK [2][-]{subsection.17.2}{\376\377\000R\000o\000d\000z\000a\000j\000e\000\040\000k\000o\000m\000p\000r\000e\000s\000j\000i}{section.17}% 31
\BOOKMARK [2][-]{subsection.17.3}{\376\377\000M\000i\000a\000r\000y\000\040\000e\000f\000e\000k\000t\000y\000w\000n\000o\001\133\000c\000i}{section.17}% 32
\BOOKMARK [1][-]{section.18}{\376\377\000M\000e\000t\000o\000d\000y\000\040\000K\000o\000d\000o\000w\000a\000n\000i\000a}{}% 33
\BOOKMARK [2][-]{subsection.18.1}{\376\377\000R\000L\000E\000\040\000\050\000R\000u\000n\000\040\000L\000e\000n\000g\000t\000h\000\040\000E\000n\000c\000o\000d\000i\000n\000g\000\051}{section.18}% 34
\BOOKMARK [2][-]{subsection.18.2}{\376\377\000T\000w\000i\000e\000r\000d\000z\000e\000n\000i\000e\000\040\000S\000h\000a\000n\000n\000o\000n\000a}{section.18}% 35
\BOOKMARK [1][-]{section.19}{\376\377\000S\000t\000a\000n\000d\000a\000r\000d\000y\000\040\000K\000o\000m\000p\000r\000e\000s\000j\000i}{}% 36
\BOOKMARK [2][-]{subsection.19.1}{\376\377\000J\000P\000E\000G}{section.19}% 37
\BOOKMARK [2][-]{subsection.19.2}{\376\377\000M\000P\000E\000G}{section.19}% 38
\BOOKMARK [1][-]{section.20}{\376\377\000S\000t\000r\000u\000m\000i\000e\000n\000i\000o\000w\000a\000n\000i\000e}{}% 39
\BOOKMARK [1][-]{section.21}{\376\377\000M\000e\000t\000a\000d\000a\000n\000e}{}% 40
\BOOKMARK [1][-]{section.22}{\376\377\000M\000y\001\133\000l\000e\000n\000i\000e\000\040\000p\000r\000o\000j\000e\000k\000t\000o\000w\000e\000\040\000\050\000D\000e\000s\000i\000g\000n\000\040\000T\000h\000i\000n\000k\000i\000n\000g\000\051}{}% 41
\BOOKMARK [2][-]{subsection.22.1}{\376\377\000M\000a\000p\000a\000\040\000e\000m\000p\000a\000t\000i\000i}{section.22}% 42
\BOOKMARK [2][-]{subsection.22.2}{\376\377\000T\000a\000b\000l\000i\000c\000a\000\040\000K\000a\000n\000b\000a\000n}{section.22}% 43
\BOOKMARK [1][-]{section.23}{\376\377\000U\001\174\000y\000t\000k\000o\000w\000n\000i\000c\000y\000\040\000a\000p\000l\000i\000k\000a\000c\000j\000i\000\040\000m\000u\000l\000t\000i\000m\000e\000d\000i\000a\000l\000n\000e\000j}{}% 44
\BOOKMARK [1][-]{section.24}{\376\377\000M\000o\000d\000e\000l\000\040\0003\000-\000e\000c\000h\000\040\000P}{}% 45
\BOOKMARK [1][-]{section.25}{\376\377\000K\000o\000m\000u\000n\000i\000k\000a\000c\000j\000a\000\040\000w\000i\000z\000u\000a\000l\000n\000a}{}% 46
\BOOKMARK [2][-]{subsection.25.1}{\376\377\000D\000i\000a\000g\000r\000a\000m\000\040\000G\000u\000t\000e\000n\000b\000e\000r\000g\000a}{section.25}% 47
\BOOKMARK [1][-]{section.26}{\376\377\000Z\000a\000s\000a\000d\000y\000\040\000p\000r\000o\000j\000e\000k\000t\000o\000w\000a\000n\000i\000a\000\040\000w\000i\000z\000u\000a\000l\000n\000e\000g\000o}{}% 48
\BOOKMARK [2][-]{subsection.26.1}{\376\377\000Z\000a\000s\000a\000d\000a\000\040\000j\000e\000d\000n\000o\001\133\000c\000i}{section.26}% 49
\BOOKMARK [2][-]{subsection.26.2}{\376\377\000Z\000a\000s\000a\000d\000a\000\040\000w\000y\000r\000\363\001\174\000n\000i\000e\000n\000i\000a}{section.26}% 50
\BOOKMARK [2][-]{subsection.26.3}{\376\377\000Z\000a\000s\000a\000d\000a\000\040\000t\000r\000\363\000j\000p\000o\000d\000z\000i\000a\001\102\000u}{section.26}% 51
\BOOKMARK [2][-]{subsection.26.4}{\376\377\000Z\000a\000s\000a\000d\000a\000\040\000p\000s\000y\000c\000h\000o\000l\000o\000g\000i\000c\000z\000n\000e\000g\000o\000\040\000d\000o\000m\000k\000n\000i\001\031\000c\000i\000a}{section.26}% 52
\BOOKMARK [1][-]{section.27}{\376\377\000T\000r\000\363\000j\000k\001\005\000t\000\040\000e\000k\000s\000p\000o\000z\000y\000c\000j\000i}{}% 53
\BOOKMARK [1][-]{section.28}{\376\377\000P\000a\000r\000a\000d\000y\000g\000m\000a\000t\000y\000\040\000a\000p\000l\000i\000k\000a\000c\000j\000i\000\040\000m\000o\000b\000i\000l\000n\000y\000c\000h}{}% 54
\BOOKMARK [2][-]{subsection.28.1}{\376\377\000S\000y\000t\000u\000a\000c\000y\000j\000n\000o\001\133\001\007\000\040\000k\000o\000m\000u\000n\000i\000k\000a\000c\000j\000i}{section.28}% 55
\BOOKMARK [2][-]{subsection.28.2}{\376\377\000P\000e\000r\000s\000o\000n\000a\000l\000i\000z\000a\000c\000j\000a}{section.28}% 56
\BOOKMARK [2][-]{subsection.28.3}{\376\377\000I\000n\000n\000o\000w\000a\000c\000y\000j\000n\000o\001\133\001\007}{section.28}% 57
\BOOKMARK [1][-]{section.29}{\376\377\000W\001\102\000a\000s\000n\000o\001\133\001\007\000\040\000i\000n\000t\000e\000l\000e\000k\000t\000u\000a\000l\000n\000a}{}% 58
\BOOKMARK [2][-]{subsection.29.1}{\376\377\000L\000i\000c\000e\000n\000c\000j\000e}{section.29}% 59
\BOOKMARK [1][-]{section.30}{\376\377\000P\000o\000d\000s\000u\000m\000o\000w\000a\000n\000i\000e}{}% 60
\BOOKMARK [1][-]{section.31}{\376\377\000I\000n\000t\000e\000r\000f\000e\000j\000s\000\040\000u\001\174\000y\000t\000k\000o\000w\000n\000i\000k\000a}{}% 61
\BOOKMARK [1][-]{section.32}{\376\377\000R\000o\000d\000z\000a\000j\000e\000\040\000i\000n\000t\000e\000r\000f\000e\000j\000s\000\363\000w\000\040\000u\001\174\000y\000t\000k\000o\000w\000n\000i\000k\000a}{}% 62
\BOOKMARK [1][-]{section.33}{\376\377\000S\001\102\000o\000w\000n\000i\000c\000z\000e\000k\000\040\000p\000o\000j\001\031\001\007}{}% 63
\BOOKMARK [1][-]{section.34}{\376\377\000U\001\174\000y\000t\000e\000c\000z\000n\000o\001\133\001\007\000\040\000w\000g\000\040\000J\000a\000k\000o\000b\000a\000\040\000N\000i\000e\000l\000s\000e\000n\000a}{}% 64
\BOOKMARK [1][-]{section.35}{\376\377\000P\000e\000r\000s\000o\000n\000a\000l\000i\000z\000a\000c\000j\000a\000\040\000v\000s\000\040\000D\000o\000s\000t\000o\000s\000o\000w\000y\000w\000a\000n\000i\000e}{}% 65
\BOOKMARK [2][-]{subsection.35.1}{\376\377\000P\000e\000r\000s\000o\000n\000a\000l\000i\000z\000a\000c\000j\000a\000\040\000\050\000p\000e\000r\000s\000o\000n\000a\000l\000i\000z\000a\000t\000i\000o\000n\000\051}{section.35}% 66
\BOOKMARK [2][-]{subsection.35.2}{\376\377\000D\000o\000s\000t\000o\000s\000o\000w\000y\000w\000a\000n\000i\000e\000\040\000\050\000c\000u\000s\000t\000o\000m\000i\000z\000a\000t\000i\000o\000n\000\051}{section.35}% 67
\BOOKMARK [1][-]{section.36}{\376\377\000I\0001\0008\000n\000\040\000v\000s\000\040\000L\0001\0000\000n}{}% 68
\BOOKMARK [1][-]{section.37}{\376\377\000M\000a\000t\000e\000r\000i\000a\000l\000\040\000D\000e\000s\000i\000g\000n\000\040\000\050\000A\000n\000d\000r\000o\000i\000d\000\051}{}% 69
\BOOKMARK [2][-]{subsection.37.1}{\376\377\000K\000l\000u\000c\000z\000o\000w\000e\000\040\000e\000l\000e\000m\000e\000n\000t\000y}{section.37}% 70
\BOOKMARK [2][-]{subsection.37.2}{\376\377\000K\000o\000m\000p\000o\000n\000e\000n\000t\000y\000\040\000U\000I}{section.37}% 71
\BOOKMARK [2][-]{subsection.37.3}{\376\377\000W\000a\001\174\000n\000e\000\040\000a\000s\000p\000e\000k\000t\000y}{section.37}% 72
\BOOKMARK [1][-]{section.38}{\376\377\000A\000p\000p\000l\000e\000\040\000H\000u\000m\000a\000n\000\040\000I\000n\000t\000e\000r\000f\000a\000c\000e\000\040\000G\000u\000i\000d\000e\000l\000i\000n\000e\000s\000\040\000\050\000i\000O\000S\000\051}{}% 73
\BOOKMARK [2][-]{subsection.38.1}{\376\377\000N\000a\000j\000l\000e\000p\000s\000z\000e\000\040\000p\000r\000a\000k\000t\000y\000k\000i\000\040\000d\000l\000a\000\040\000g\000e\000s\000t\000\363\000w}{section.38}% 74
\BOOKMARK [2][-]{subsection.38.2}{\376\377\000T\000r\000y\000b\000\040\000p\000e\001\102\000n\000o\000e\000k\000r\000a\000n\000o\000w\000y}{section.38}% 75
\BOOKMARK [1][-]{section.39}{\376\377\000D\000e\000f\000i\000n\000i\000c\000j\000a\000\040\000u\001\174\000y\000t\000e\000c\000z\000n\000o\001\133\000c\000i\000\040\000w\000g\000\040\000I\000S\000O\000\040\0009\0002\0004\0001}{}% 76
\BOOKMARK [1][-]{section.40}{\376\377\000H\000i\000s\000t\000o\000r\000i\000a\000\040\000U\000X\000\040\040\023\000\040\000k\000l\000u\000c\000z\000o\000w\000e\000\040\000m\000o\000m\000e\000n\000t\000y}{}% 77
\BOOKMARK [1][-]{section.41}{\376\377\000W\000y\000b\000r\000a\000n\000e\000\040\000z\000a\000s\000a\000d\000y\000\040\000p\000r\000o\000j\000e\000k\000t\000o\000w\000e\000\040\000D\000o\000n\000a\000\040\000N\000o\000r\000m\000a\000n\000a}{}% 78
\BOOKMARK [1][-]{section.42}{\376\377\000P\000r\000z\000e\000d\000m\000i\000o\000t\000\040\000N\000o\000r\000m\000a\000n\000a}{}% 79
\BOOKMARK [1][-]{section.43}{\376\377\000D\000e\000f\000i\000n\000i\000c\000j\000a\000\040\000a\000n\000i\000m\000a\000c\000j\000i}{}% 80
\BOOKMARK [1][-]{section.44}{\376\377\0001\0002\000\040\000z\000a\000s\000a\000d\000\040\000k\000l\000a\000s\000y\000c\000z\000n\000y\000c\000h\000\040\000a\000n\000i\000m\000a\000c\000j\000i\000\040\000\050\000J\000o\000h\000n\000s\000t\000o\000n\000\040\000i\000\040\000T\000h\000o\000m\000a\000s\000,\000\040\0001\0009\0008\0001\000\051}{}% 81
\BOOKMARK [1][-]{section.45}{\376\377\000W\000y\000t\000y\000c\000z\000n\000e\000\040\000p\000r\000o\000j\000e\000k\000t\000o\000w\000a\000n\000i\000a\000\040\000a\000n\000i\000m\000a\000c\000j\000i}{}% 82
\BOOKMARK [2][-]{subsection.45.1}{\376\377\000A\000p\000p\000l\000e\000\040\000H\000u\000m\000a\000n\000\040\000I\000n\000t\000e\000r\000f\000a\000c\000e\000\040\000G\000u\000i\000d\000e\000l\000i\000n\000e\000s\000\040\000-\000\040\000M\000o\000t\000i\000o\000n}{section.45}% 83
\BOOKMARK [2][-]{subsection.45.2}{\376\377\000M\000a\000t\000e\000r\000i\000a\000l\000\040\000D\000e\000s\000i\000g\000n\000\040\000-\000\040\000M\000o\000t\000i\000o\000n}{section.45}% 84
\BOOKMARK [1][-]{section.46}{\376\377\000F\000u\000n\000k\000c\000j\000e\000\040\000k\000o\000n\000t\000r\000o\000l\000i\000\040\000p\000r\000z\000e\000b\000i\000e\000g\000u\000\040\000a\000n\000i\000m\000a\000c\000j\000i}{}% 85
\BOOKMARK [2][-]{subsection.46.1}{\376\377\000K\000r\000z\000y\000w\000e\000\040\000B\000\351\000z\000i\000e\000r\000a}{section.46}% 86
\BOOKMARK [1][-]{section.47}{\376\377\000I\000m\000p\000l\000e\000m\000e\000n\000t\000a\000c\000j\000a\000\040\000a\000n\000i\000m\000a\000c\000j\000i}{}% 87
\BOOKMARK [2][-]{subsection.47.1}{\376\377\000C\000S\000S}{section.47}% 88
\BOOKMARK [2][-]{subsection.47.2}{\376\377\000A\000n\000d\000r\000o\000i\000d}{section.47}% 89
\BOOKMARK [1][-]{section.48}{\376\377\000S\000p\000e\000c\000j\000a\000l\000n\000e\000\040\000e\000f\000e\000k\000t\000y\000\040\000a\000n\000i\000m\000a\000c\000j\000i}{}% 90
\BOOKMARK [2][-]{subsection.48.1}{\376\377\000E\000f\000e\000k\000t\000\040\000K\000e\000n\000a\000\040\000B\000u\000r\000n\000s\000a}{section.48}% 91
\BOOKMARK [2][-]{subsection.48.2}{\376\377\000E\000f\000e\000k\000t\000\040\000p\000a\000r\000a\000l\000a\000k\000s\000y}{section.48}% 92
\BOOKMARK [1][-]{section.49}{\376\377\000N\000a\000j\000l\000e\000p\000s\000z\000e\000\040\000p\000r\000a\000k\000t\000y\000k\000i}{}% 93
\BOOKMARK [1][-]{section.50}{\376\377\000N\000a\000r\000z\001\031\000d\000z\000i\000a}{}% 94
\BOOKMARK [1][-]{section.51}{\376\377\001\132\000r\000o\000d\000o\000w\000i\000s\000k\000a\000\040\000p\000r\000o\000g\000r\000a\000m\000i\000s\000t\000y\000c\000z\000n\000e}{}% 95
\BOOKMARK [1][-]{section.52}{\376\377\000K\000l\000a\000s\000y\000f\000i\000k\000a\000c\000j\000a\000\040\000t\000e\000s\000t\000\363\000w\000\040\000o\000p\000r\000o\000g\000r\000a\000m\000o\000w\000a\000n\000i\000a}{}% 96
\BOOKMARK [2][-]{subsection.52.1}{\376\377\000P\000o\000d\000s\000t\000a\000w\000o\000w\000e\000\040\000r\000o\000d\000z\000a\000j\000e\000\040\000t\000e\000s\000t\000\363\000w}{section.52}% 97
\BOOKMARK [2][-]{subsection.52.2}{\376\377\000T\000e\000s\000t\000y\000\040\000s\000p\000e\000c\000j\000a\000l\000i\000s\000t\000y\000c\000z\000n\000e}{section.52}% 98
\BOOKMARK [1][-]{section.53}{\376\377\000M\000o\000d\000e\000l\000e\000\040\000o\000r\000g\000a\000n\000i\000z\000a\000c\000j\000i\000\040\000t\000e\000s\000t\000\363\000w}{}% 99
\BOOKMARK [1][-]{section.54}{\376\377\000T\000e\000s\000t\000o\000w\000a\000n\000i\000e\000\040\000m\000a\000n\000u\000a\000l\000n\000e\000\040\000v\000s\000\040\000a\000u\000t\000o\000m\000a\000t\000y\000c\000z\000n\000e}{}% 100
\BOOKMARK [1][-]{section.55}{\376\377\000S\000p\000e\000c\000y\000f\000i\000c\000z\000n\000e\000\040\000a\000s\000p\000e\000k\000t\000y\000\040\000t\000e\000s\000t\000o\000w\000a\000n\000i\000a\000\040\000a\000p\000l\000i\000k\000a\000c\000j\000i\000\040\000m\000o\000b\000i\000l\000n\000y\000c\000h}{}% 101
\BOOKMARK [1][-]{section.56}{\376\377\000N\000a\000r\000z\001\031\000d\000z\000i\000a\000\040\000i\000\040\000p\000l\000a\000t\000f\000o\000r\000m\000y\000\040\000t\000e\000s\000t\000o\000w\000a\000n\000i\000a}{}% 102
\BOOKMARK [2][-]{subsection.56.1}{\376\377\000F\000a\000r\000m\000y\000\040\000u\000r\000z\001\005\000d\000z\000e\001\104\000\040\000w\000\040\000c\000h\000m\000u\000r\000z\000e}{section.56}% 103
\BOOKMARK [2][-]{subsection.56.2}{\376\377\000A\000u\000t\000o\000m\000a\000t\000y\000z\000a\000c\000j\000a\000\040\000t\000e\000s\000t\000\363\000w}{section.56}% 104
\BOOKMARK [1][-]{section.57}{\376\377\000I\000S\000T\000Q\000B\000\040\000C\000T\000-\000M\000A\000T}{}% 105
\BOOKMARK [1][-]{section.58}{\376\377\000H\000i\000s\000t\000o\000r\000i\000a\000\040\000B\000l\000e\000n\000d\000e\000r\000a}{}% 106
\BOOKMARK [1][-]{section.59}{\376\377\000P\000o\000d\000s\000t\000a\000w\000o\000w\000e\000\040\000e\000l\000e\000m\000e\000n\000t\000y\000\040\000s\000c\000e\000n\000y}{}% 107
\BOOKMARK [1][-]{section.60}{\376\377\000N\000a\000w\000i\000g\000a\000c\000j\000a\000\040\000w\000\040\000p\000r\000z\000e\000s\000t\000r\000z\000e\000n\000i\000\040\0003\000D}{}% 108
\BOOKMARK [1][-]{section.61}{\376\377\000N\000a\000j\000w\000a\001\174\000n\000i\000e\000j\000s\000z\000e\000\040\000s\000k\000r\000\363\000t\000y\000\040\000k\000l\000a\000w\000i\000s\000z\000o\000w\000e}{}% 109
\BOOKMARK [1][-]{section.62}{\376\377\000T\000r\000y\000b\000y\000\040\000p\000r\000a\000c\000y}{}% 110
\BOOKMARK [1][-]{section.63}{\376\377\000O\000p\000e\000r\000a\000c\000j\000e\000\040\000m\000o\000d\000e\000l\000o\000w\000a\000n\000i\000a}{}% 111
\BOOKMARK [1][-]{section.64}{\376\377\000M\000a\000t\000e\000r\000i\000a\001\102\000y\000\040\000i\000\040\000p\000o\000w\000i\000e\000r\000z\000c\000h\000n\000i\000e}{}% 112
\BOOKMARK [1][-]{section.65}{\376\377\001\132\000w\000i\000a\000t\001\102\000o\000\040\000-\000\040\000p\000o\000d\000s\000t\000a\000w\000o\000w\000e\000\040\000w\001\102\000a\001\133\000c\000i\000w\000o\001\133\000c\000i}{}% 113
\BOOKMARK [1][-]{section.66}{\376\377\000R\000e\000n\000d\000e\000r\000o\000w\000a\000n\000i\000e}{}% 114
\BOOKMARK [1][-]{section.67}{\376\377\000P\000a\000n\000e\000l\000e\000\040\000w\001\102\000a\001\133\000c\000i\000w\000o\001\133\000c\000i}{}% 115
\BOOKMARK [1][-]{section.68}{\376\377\000P\000o\000d\000s\000t\000a\000w\000y\000\040\000a\000n\000i\000m\000a\000c\000j\000i}{}% 116
\BOOKMARK [1][-]{section.69}{\376\377\000A\000n\000i\000m\000a\000c\000j\000e\000\040\000w\000\040\000B\000l\000e\000n\000d\000e\000r\000z\000e}{}% 117
\BOOKMARK [1][-]{section.70}{\376\377\000E\000f\000e\000k\000t\000y\000\040\000s\000p\000e\000c\000j\000a\000l\000n\000e\000\040\000-\000\040\000D\000y\000m\000\040\000i\000\040\000O\000g\000i\000e\001\104}{}% 118
\BOOKMARK [2][-]{subsection.70.1}{\376\377\000K\000o\000n\000f\000i\000g\000u\000r\000a\000c\000j\000a\000\040\000p\000o\000d\000s\000t\000a\000w\000o\000w\000a}{section.70}% 119
\BOOKMARK [2][-]{subsection.70.2}{\376\377\000U\000s\000t\000a\000w\000i\000e\000n\000i\000a\000\040\000d\000o\000m\000e\000n\000y\000\040\000d\000y\000m\000u}{section.70}% 120
\BOOKMARK [1][-]{section.71}{\376\377\000E\000d\000y\000t\000o\000r\000\040\000w\001\031\000z\001\102\000\363\000w\000\040\000d\000l\000a\000\040\000m\000a\000t\000e\000r\000i\000a\001\102\000\363\000w}{}% 121
\BOOKMARK [2][-]{subsection.71.1}{\376\377\000A\000k\000t\000y\000w\000a\000c\000j\000a}{section.71}% 122
\BOOKMARK [2][-]{subsection.71.2}{\376\377\000W\001\031\000z\001\102\000y\000\040\000d\000l\000a\000\040\000e\000f\000e\000k\000t\000\363\000w\000\040\000o\000b\000j\001\031\000t\000o\001\133\000c\000i\000o\000w\000y\000c\000h}{section.71}% 123
\BOOKMARK [1][-]{section.72}{\376\377\000P\000r\000a\000k\000t\000y\000c\000z\000n\000e\000\040\000w\000s\000k\000a\000z\000\363\000w\000k\000i}{}% 124
\BOOKMARK [1][-]{section.73}{\376\377\000Z\000a\000s\000t\000o\000s\000o\000w\000a\000n\000i\000a}{}% 125
